<?xml version="1.0" encoding="UTF-8"?>
<!-- Generated by org.testng.reporters.JUnitReportReporter -->
<testsuite skipped="0" hostname="DESKTOP-C09RD7I" name="SA.Runner.REG_Runner" tests="1" failures="0" timestamp="2019-12-05T17:16:49 EET" time="31.818" errors="0">
  <testcase name="feature" time="31.818" classname="SA.Runner.REG_Runner"/>
</testsuite> <!-- SA.Runner.REG_Runner -->
